<?xml version="1.0" encoding="UTF-8"?>
<!-- Generated by org.testng.reporters.JUnitReportReporter -->
<testsuite hostname="JEEYANA" failures="0" tests="26" name="testCases.QueuePageTests" time="546.759" errors="0" timestamp="2024-10-04T16:36:50 CDT" skipped="0">
  <testcase classname="testCases.QueuePageTests" name="Test_Queue_GetStarted" time="20.665"/>
  <testcase classname="testCases.QueuePageTests" name="Test_ImplementationOf_Queue_InPython" time="29.269"/>
  <testcase classname="testCases.QueuePageTests" name="Test_Implementation_UsingCollections_Queue" time="7.468"/>
  <testcase classname="testCases.QueuePageTests" name="Test_ImplementationUsing_Array" time="12.163"/>
  <testcase classname="testCases.QueuePageTests" name="Test_QueueOperations" time="7.731"/>
  <testcase classname="testCases.QueuePageTests" name="Test_LEFTPanel_ImplementationOf_Queue_InPython" time="20.918"/>
  <testcase classname="testCases.QueuePageTests" name="Test_LEFTPanel_Implementation_UsingCollections_Queue" time="26.506"/>
  <testcase classname="testCases.QueuePageTests" name="Test_LEFTPanel_ImplementaionUsing_Array" time="10.461"/>
  <testcase classname="testCases.QueuePageTests" name="Test_LEFTPanel_QueueOperations" time="17.924"/>
  <testcase classname="testCases.QueuePageTests" name="Test_LEFTPanel_PracticeQuestions" time="21.324"/>
  <testcase classname="testCases.QueuePageTests" name="Test_TryHere_ImplementationOf_Queue_InPython" time="19.912"/>
  <testcase classname="testCases.QueuePageTests" name="Test_PythonEditor_ImplementationOf_Queue_InPython_ValidCodes" time="47.081"/>
  <testcase classname="testCases.QueuePageTests" name="Test_PythonEditor_ImplementationOf_Queue_InPython_InValidCodes" time="15.482"/>
  <testcase classname="testCases.QueuePageTests" name="Test_PythonEditor_ImplementationOf_Queue_InPython_withOutCodes" time="15.705"/>
  <testcase classname="testCases.QueuePageTests" name="Test_TryHere_Implementation_UsingCollections_Queue" time="12.741"/>
  <testcase classname="testCases.QueuePageTests" name="Test_PythonEditor_Implementation_UsingCollections_Queue_ValidCodes" time="25.405"/>
  <testcase classname="testCases.QueuePageTests" name="Test_PythonEditor_Implementation_UsingCollections_Queue_InValidCodes" time="16.351"/>
  <testcase classname="testCases.QueuePageTests" name="Test_PythonEditor_Implementation_UsingCollections_Queue_WithOutCodes" time="23.180"/>
  <testcase classname="testCases.QueuePageTests" name="Test_TryHere_Test_ImplementationUsing_Array" time="14.108"/>
  <testcase classname="testCases.QueuePageTests" name="Test_PythonEditor_ImplementationUsing_Array_ValidCodes" time="27.077"/>
  <testcase classname="testCases.QueuePageTests" name="Test_PythonEditor_ImplementationUsing_Array_InValidCodes" time="22.641"/>
  <testcase classname="testCases.QueuePageTests" name="Test_PythonEditor_ImplementationUsing_Array_WithOutCodes" time="29.094"/>
  <testcase classname="testCases.QueuePageTests" name="Test_TryHere_QueueOperations" time="36.949"/>
  <testcase classname="testCases.QueuePageTests" name="Test_PythonEditor_QueueOperations_ValidCodes" time="18.587"/>
  <testcase classname="testCases.QueuePageTests" name="Test_PythonEditor_QueueOperations_InValidCodes" time="13.493"/>
  <testcase classname="testCases.QueuePageTests" name="Test_PythonEditor_QueueOperations_WithOutCodes" time="34.524"/>
</testsuite> <!-- testCases.QueuePageTests -->
