<?xml version="1.0" encoding="UTF-8"?>
<!-- Generated by org.testng.reporters.JUnitReportReporter -->
<testsuite hostname="Rushis-HP" failures="0" tests="1" name="testCases.RegisterPageTest" time="5.513" errors="0" timestamp="2024-09-30T17:28:51 CDT" skipped="0">
  <testcase classname="testCases.RegisterPageTest" name="RegisterNewAccount" time="5.513"/>
</testsuite> <!-- testCases.RegisterPageTest -->
