<?xml version="1.0" encoding="UTF-8"?>
<!-- Generated by org.testng.reporters.JUnitReportReporter -->
<testsuite hostname="JEEYANA" failures="0" tests="26" name="testCases.QueuePageTests" time="545.567" errors="0" timestamp="2024-10-04T23:53:58 CDT" skipped="0">
  <testcase classname="testCases.QueuePageTests" name="Test_Queue_GetStarted" time="28.542"/>
  <testcase classname="testCases.QueuePageTests" name="Test_ImplementationOf_Queue_InPython" time="21.912"/>
  <testcase classname="testCases.QueuePageTests" name="Test_Implementation_UsingCollections_Queue" time="14.666"/>
  <testcase classname="testCases.QueuePageTests" name="Test_ImplementationUsing_Array" time="11.637"/>
  <testcase classname="testCases.QueuePageTests" name="Test_QueueOperations" time="16.331"/>
  <testcase classname="testCases.QueuePageTests" name="Test_LEFTPanel_ImplementationOf_Queue_InPython" time="26.075"/>
  <testcase classname="testCases.QueuePageTests" name="Test_LEFTPanel_Implementation_UsingCollections_Queue" time="21.391"/>
  <testcase classname="testCases.QueuePageTests" name="Test_LEFTPanel_ImplementaionUsing_Array" time="20.073"/>
  <testcase classname="testCases.QueuePageTests" name="Test_LEFTPanel_QueueOperations" time="25.090"/>
  <testcase classname="testCases.QueuePageTests" name="Test_LEFTPanel_PracticeQuestions" time="21.201"/>
  <testcase classname="testCases.QueuePageTests" name="Test_TryHere_ImplementationOf_Queue_InPython" time="35.599"/>
  <testcase classname="testCases.QueuePageTests" name="Test_PythonEditor_ImplementationOf_Queue_InPython_ValidCodes" time="17.211"/>
  <testcase classname="testCases.QueuePageTests" name="Test_PythonEditor_ImplementationOf_Queue_InPython_InValidCodes" time="12.068"/>
  <testcase classname="testCases.QueuePageTests" name="Test_PythonEditor_ImplementationOf_Queue_InPython_withOutCodes" time="11.158"/>
  <testcase classname="testCases.QueuePageTests" name="Test_TryHere_Implementation_UsingCollections_Queue" time="20.355"/>
  <testcase classname="testCases.QueuePageTests" name="Test_PythonEditor_Implementation_UsingCollections_Queue_ValidCodes" time="31.376"/>
  <testcase classname="testCases.QueuePageTests" name="Test_PythonEditor_Implementation_UsingCollections_Queue_InValidCodes" time="15.150"/>
  <testcase classname="testCases.QueuePageTests" name="Test_PythonEditor_Implementation_UsingCollections_Queue_WithOutCodes" time="26.973"/>
  <testcase classname="testCases.QueuePageTests" name="Test_TryHere_Test_ImplementationUsing_Array" time="12.937"/>
  <testcase classname="testCases.QueuePageTests" name="Test_PythonEditor_ImplementationUsing_Array_ValidCodes" time="17.645"/>
  <testcase classname="testCases.QueuePageTests" name="Test_PythonEditor_ImplementationUsing_Array_InValidCodes" time="27.480"/>
  <testcase classname="testCases.QueuePageTests" name="Test_PythonEditor_ImplementationUsing_Array_WithOutCodes" time="18.112"/>
  <testcase classname="testCases.QueuePageTests" name="Test_TryHere_QueueOperations" time="22.022"/>
  <testcase classname="testCases.QueuePageTests" name="Test_PythonEditor_QueueOperations_ValidCodes" time="28.801"/>
  <testcase classname="testCases.QueuePageTests" name="Test_PythonEditor_QueueOperations_InValidCodes" time="21.822"/>
  <testcase classname="testCases.QueuePageTests" name="Test_PythonEditor_QueueOperations_WithOutCodes" time="19.940"/>
</testsuite> <!-- testCases.QueuePageTests -->
