<?xml version="1.0" encoding="UTF-8"?>
<!-- Generated by org.testng.reporters.JUnitReportReporter -->
<testsuite hostname="JEEYANA" failures="0" tests="37" name="testCases.LinkedListPageTests" time="759.243" errors="0" timestamp="2024-10-04T23:53:58 CDT" skipped="0">
  <testcase classname="testCases.LinkedListPageTests" name="check_LinkedListHomePage" time="24.744"/>
  <testcase classname="testCases.LinkedListPageTests" name="check_IntoductionTab" time="13.252"/>
  <testcase classname="testCases.LinkedListPageTests" name="check_IntroductionTryHereButton" time="19.180"/>
  <testcase classname="testCases.LinkedListPageTests" name="check_IntroductionPythonEditorValidInput" time="14.952"/>
  <testcase classname="testCases.LinkedListPageTests" name="check_IntroductionPythonEditorInvalidInput" time="31.091"/>
  <testcase classname="testCases.LinkedListPageTests" name="check_IntroductionPythonEditorNoInput" time="16.194"/>
  <testcase classname="testCases.LinkedListPageTests" name="check_CreatingLinkedListTab" time="27.733"/>
  <testcase classname="testCases.LinkedListPageTests" name="check_CreatingLLTryHereButton" time="19.614"/>
  <testcase classname="testCases.LinkedListPageTests" name="check_CreatingLLPythonEditorValidInput" time="14.858"/>
  <testcase classname="testCases.LinkedListPageTests" name="check_CreatingLLPythonEditorInvalidInput" time="34.599"/>
  <testcase classname="testCases.LinkedListPageTests" name="check_CreatingLLPythonEditorNoInput" time="17.015"/>
  <testcase classname="testCases.LinkedListPageTests" name="check_TypesOfLinkedListTab" time="24.508"/>
  <testcase classname="testCases.LinkedListPageTests" name="check_TypesOfLLTryHereButton" time="18.874"/>
  <testcase classname="testCases.LinkedListPageTests" name="check_TypesOfLLPythonEditorValidInput" time="13.360"/>
  <testcase classname="testCases.LinkedListPageTests" name="check_TypesOfLLPythonEditorInvalidInput" time="9.819"/>
  <testcase classname="testCases.LinkedListPageTests" name="check_TypesOfLLPythonEditorNoInput" time="26.370"/>
  <testcase classname="testCases.LinkedListPageTests" name="check_ImplementingLinkedListTab" time="17.814"/>
  <testcase classname="testCases.LinkedListPageTests" name="check_ImplementingLLTryHereButton" time="25.514"/>
  <testcase classname="testCases.LinkedListPageTests" name="check_ImplementingLLPythonEditorValidInput" time="29.033"/>
  <testcase classname="testCases.LinkedListPageTests" name="check_ImplementingLLPythonEditorInvalidInput" time="18.267"/>
  <testcase classname="testCases.LinkedListPageTests" name="check_ImplementingLLPythonEditorNoInput" time="12.959"/>
  <testcase classname="testCases.LinkedListPageTests" name="check_Traversal" time="15.222"/>
  <testcase classname="testCases.LinkedListPageTests" name="check_TraversalTryHereButton" time="15.188"/>
  <testcase classname="testCases.LinkedListPageTests" name="check_TraversalPythonEditorValidInput" time="22.272"/>
  <testcase classname="testCases.LinkedListPageTests" name="check_TraversalPythonEditorInvalidInput" time="18.120"/>
  <testcase classname="testCases.LinkedListPageTests" name="check_TraversalPythonEditorNoInput" time="36.060"/>
  <testcase classname="testCases.LinkedListPageTests" name="check_Insertion" time="16.099"/>
  <testcase classname="testCases.LinkedListPageTests" name="check_InsertionTryHereButton" time="28.595"/>
  <testcase classname="testCases.LinkedListPageTests" name="check_InsertionPythonEditorValidInput" time="21.777"/>
  <testcase classname="testCases.LinkedListPageTests" name="check_InsertionPythonEditorInvalidInput" time="15.389"/>
  <testcase classname="testCases.LinkedListPageTests" name="check_InsertionPythonEditorNoInput" time="15.309"/>
  <testcase classname="testCases.LinkedListPageTests" name="check_Deletion" time="16.405"/>
  <testcase classname="testCases.LinkedListPageTests" name="check_DeletionTryHereButton" time="27.834"/>
  <testcase classname="testCases.LinkedListPageTests" name="check_DeletionPythonEditorValidInput" time="25.139"/>
  <testcase classname="testCases.LinkedListPageTests" name="check_DeletionPythonEditorInvalidInput" time="16.737"/>
  <testcase classname="testCases.LinkedListPageTests" name="check_DeletionPythonEditorNoInput" time="21.078"/>
  <testcase classname="testCases.LinkedListPageTests" name="check_LLPracticeQns" time="18.269"/>
</testsuite> <!-- testCases.LinkedListPageTests -->
