<?xml version="1.0" encoding="UTF-8"?>
<!-- Generated by org.testng.reporters.JUnitReportReporter -->
<testsuite hostname="JEEYANA" failures="0" tests="69" name="testCases.TreePageTests" time="1290.303" errors="0" timestamp="2024-10-04T16:36:50 CDT" skipped="0">
  <testcase classname="testCases.TreePageTests" name="check_PythonEditorValidInput" time="13.380"/>
  <testcase classname="testCases.TreePageTests" name="click_types_of_binary_treesLink_BT" time="12.310"/>
  <testcase classname="testCases.TreePageTests" name="click_implementation_in_pythonLink" time="30.899"/>
  <testcase classname="testCases.TreePageTests" name="check_TreeHomePagelink" time="15.819"/>
  <testcase classname="testCases.TreePageTests" name="check_Overview_of_TreePage" time="9.099"/>
  <testcase classname="testCases.TreePageTests" name="check_TryHereButton" time="34.130"/>
  <testcase classname="testCases.TreePageTests" name="check_PythonEditorInvalidInput" time="13.662"/>
  <testcase classname="testCases.TreePageTests" name="check_PythonEditorNoInput" time="13.730"/>
  <testcase classname="testCases.TreePageTests" name="check_terminologiesPage" time="7.309"/>
  <testcase classname="testCases.TreePageTests" name="check_TryHereButton1" time="13.900"/>
  <testcase classname="testCases.TreePageTests" name="check_PythonEditorValidInput1" time="22.024"/>
  <testcase classname="testCases.TreePageTests" name="check_PythonEditorInvalidInput1" time="20.235"/>
  <testcase classname="testCases.TreePageTests" name="check_PythonEditorNoInput1" time="18.504"/>
  <testcase classname="testCases.TreePageTests" name="check_types_of_treesPage" time="18.610"/>
  <testcase classname="testCases.TreePageTests" name="check_TryHereButton2" time="18.526"/>
  <testcase classname="testCases.TreePageTests" name="check_PythonEditorValidInput2" time="20.933"/>
  <testcase classname="testCases.TreePageTests" name="check_PythonEditorInvalidInput2" time="13.687"/>
  <testcase classname="testCases.TreePageTests" name="check_PythonEditorNoInput2" time="12.150"/>
  <testcase classname="testCases.TreePageTests" name="click_tree_traversalsLink" time="15.436"/>
  <testcase classname="testCases.TreePageTests" name="check_TryHereButton3" time="13.342"/>
  <testcase classname="testCases.TreePageTests" name="check_PythonEditorValidInput3" time="18.826"/>
  <testcase classname="testCases.TreePageTests" name="check_PythonEditorInvalidInput3" time="23.295"/>
  <testcase classname="testCases.TreePageTests" name="check_PythonEditorNoInput3" time="13.022"/>
  <testcase classname="testCases.TreePageTests" name="click_traversals_illustrationLink" time="21.910"/>
  <testcase classname="testCases.TreePageTests" name="check_TryHereButton4" time="11.323"/>
  <testcase classname="testCases.TreePageTests" name="check_PythonEditorValidInput4" time="21.810"/>
  <testcase classname="testCases.TreePageTests" name="check_PythonEditorInvalidInput4" time="25.520"/>
  <testcase classname="testCases.TreePageTests" name="check_PythonEditorNoInput4" time="20.166"/>
  <testcase classname="testCases.TreePageTests" name="click_binary_treesLink" time="12.324"/>
  <testcase classname="testCases.TreePageTests" name="check_TryHereButton5" time="15.311"/>
  <testcase classname="testCases.TreePageTests" name="check_PythonEditorValidInput5" time="17.771"/>
  <testcase classname="testCases.TreePageTests" name="check_PythonEditorInvalidInput5" time="12.128"/>
  <testcase classname="testCases.TreePageTests" name="check_PythonEditorNoInput5" time="16.014"/>
  <testcase classname="testCases.TreePageTests" name="check_PythonEditorValidInput6" time="12.085"/>
  <testcase classname="testCases.TreePageTests" name="click_types_of_binary_treesLink" time="31.086"/>
  <testcase classname="testCases.TreePageTests" name="check_TryHereButton6" time="20.367"/>
  <testcase classname="testCases.TreePageTests" name="check_PythonEditorInvalidInput6" time="10.542"/>
  <testcase classname="testCases.TreePageTests" name="check_PythonEditorNoInput6" time="10.600"/>
  <testcase classname="testCases.TreePageTests" name="click_implementation_in_pythonLink_IIP" time="11.975"/>
  <testcase classname="testCases.TreePageTests" name="check_TryHereButton7" time="14.113"/>
  <testcase classname="testCases.TreePageTests" name="check_PythonEditorValidInput7" time="23.631"/>
  <testcase classname="testCases.TreePageTests" name="check_PythonEditorInvalidInput7" time="32.615"/>
  <testcase classname="testCases.TreePageTests" name="check_PythonEditorNoInput7" time="14.742"/>
  <testcase classname="testCases.TreePageTests" name="click_BinaryTreeTraversalsLink" time="11.924"/>
  <testcase classname="testCases.TreePageTests" name="check_TryHereButton8" time="25.102"/>
  <testcase classname="testCases.TreePageTests" name="check_PythonEditorValidInput8" time="22.373"/>
  <testcase classname="testCases.TreePageTests" name="check_PythonEditorInvalidInput8" time="18.943"/>
  <testcase classname="testCases.TreePageTests" name="check_PythonEditorNoInput8" time="25.909"/>
  <testcase classname="testCases.TreePageTests" name="click_ImplementationofBinaryTreesLink" time="22.014"/>
  <testcase classname="testCases.TreePageTests" name="check_TryHereButton9" time="23.557"/>
  <testcase classname="testCases.TreePageTests" name="check_PythonEditorValidInput9" time="20.954"/>
  <testcase classname="testCases.TreePageTests" name="check_PythonEditorInvalidInput9" time="26.683"/>
  <testcase classname="testCases.TreePageTests" name="check_PythonEditorNoInput9" time="20.374"/>
  <testcase classname="testCases.TreePageTests" name="click_ApplicationsofBinarytreesLink" time="18.891"/>
  <testcase classname="testCases.TreePageTests" name="check_TryHereButton10" time="18.936"/>
  <testcase classname="testCases.TreePageTests" name="check_PythonEditorValidInput10" time="23.719"/>
  <testcase classname="testCases.TreePageTests" name="check_PythonEditorInvalidInput10" time="15.318"/>
  <testcase classname="testCases.TreePageTests" name="check_PythonEditorNoInput10" time="24.274"/>
  <testcase classname="testCases.TreePageTests" name="click_BinarySearchTreesLink" time="25.012"/>
  <testcase classname="testCases.TreePageTests" name="check_TryHereButton11" time="19.941"/>
  <testcase classname="testCases.TreePageTests" name="check_PythonEditorValidInput11" time="15.748"/>
  <testcase classname="testCases.TreePageTests" name="check_PythonEditorInvalidInput11" time="24.378"/>
  <testcase classname="testCases.TreePageTests" name="check_PythonEditorNoInput11" time="23.367"/>
  <testcase classname="testCases.TreePageTests" name="click_ImplementationOfBSTLink" time="10.822"/>
  <testcase classname="testCases.TreePageTests" name="check_TryHereButton12" time="22.313"/>
  <testcase classname="testCases.TreePageTests" name="check_PythonEditorValidInput12" time="33.127"/>
  <testcase classname="testCases.TreePageTests" name="check_PythonEditorInvalidInput12" time="25.755"/>
  <testcase classname="testCases.TreePageTests" name="check_PythonEditorNoInput12" time="11.717"/>
  <testcase classname="testCases.TreePageTests" name="click_PracticeQnsLink" time="10.291"/>
</testsuite> <!-- testCases.TreePageTests -->
