<?xml version="1.0" encoding="UTF-8"?>
<!-- Generated by org.testng.reporters.JUnitReportReporter -->
<testsuite hostname="JEEYANA" failures="0" tests="35" name="testCases.HomePageTests" time="627.804" errors="0" timestamp="2024-10-04T23:53:58 CDT" skipped="0">
  <testcase classname="testCases.HomePageTests" name="clickGetStartedButtonWithoutSignIn" time="20.963"/>
  <testcase classname="testCases.HomePageTests" name="clickGetStartedButtonWithoutSignIn" time="17.213"/>
  <testcase classname="testCases.HomePageTests" name="clickGetStartedButtonWithoutSignIn" time="22.247"/>
  <testcase classname="testCases.HomePageTests" name="clickGetStartedButtonWithoutSignIn" time="14.589"/>
  <testcase classname="testCases.HomePageTests" name="clickGetStartedButtonWithoutSignIn" time="33.457"/>
  <testcase classname="testCases.HomePageTests" name="clickGetStartedButtonWithoutSignIn" time="23.769"/>
  <testcase classname="testCases.HomePageTests" name="clickGetStartedButtonWithoutSignIn" time="12.952"/>
  <testcase classname="testCases.HomePageTests" name="clickGetStartedButtonAfterSignIn" time="30.533"/>
  <testcase classname="testCases.HomePageTests" name="clickGetStartedButtonAfterSignIn" time="7.787"/>
  <testcase classname="testCases.HomePageTests" name="clickGetStartedButtonAfterSignIn" time="28.506"/>
  <testcase classname="testCases.HomePageTests" name="clickGetStartedButtonAfterSignIn" time="10.890"/>
  <testcase classname="testCases.HomePageTests" name="clickGetStartedButtonAfterSignIn" time="17.680"/>
  <testcase classname="testCases.HomePageTests" name="clickGetStartedButtonAfterSignIn" time="21.529"/>
  <testcase classname="testCases.HomePageTests" name="clickGetStartedButtonAfterSignIn" time="9.919"/>
  <testcase classname="testCases.HomePageTests" name="selectDataStructureDropdownTopicWithoutSignIn" time="8.250"/>
  <testcase classname="testCases.HomePageTests" name="selectDataStructureDropdownTopicWithoutSignIn" time="31.913"/>
  <testcase classname="testCases.HomePageTests" name="selectDataStructureDropdownTopicWithoutSignIn" time="9.450"/>
  <testcase classname="testCases.HomePageTests" name="selectDataStructureDropdownTopicWithoutSignIn" time="9.055"/>
  <testcase classname="testCases.HomePageTests" name="selectDataStructureDropdownTopicWithoutSignIn" time="24.772"/>
  <testcase classname="testCases.HomePageTests" name="selectDataStructureDropdownTopicWithoutSignIn" time="11.323"/>
  <testcase classname="testCases.HomePageTests" name="selectDataStructureDropdownTopicAfterSignIn" time="9.606"/>
  <testcase classname="testCases.HomePageTests" name="selectDataStructureDropdownTopicAfterSignIn" time="12.547"/>
  <testcase classname="testCases.HomePageTests" name="selectDataStructureDropdownTopicAfterSignIn" time="12.144"/>
  <testcase classname="testCases.HomePageTests" name="selectDataStructureDropdownTopicAfterSignIn" time="33.344"/>
  <testcase classname="testCases.HomePageTests" name="selectDataStructureDropdownTopicAfterSignIn" time="11.317"/>
  <testcase classname="testCases.HomePageTests" name="selectDataStructureDropdownTopicAfterSignIn" time="25.499"/>
  <testcase classname="testCases.HomePageTests" name="clickNumpyNinjaLinkFromTopicPagesAfterSignIn" time="22.275"/>
  <testcase classname="testCases.HomePageTests" name="clickNumpyNinjaLinkFromTopicPagesAfterSignIn" time="8.632"/>
  <testcase classname="testCases.HomePageTests" name="clickNumpyNinjaLinkFromTopicPagesAfterSignIn" time="8.364"/>
  <testcase classname="testCases.HomePageTests" name="clickNumpyNinjaLinkFromTopicPagesAfterSignIn" time="16.726"/>
  <testcase classname="testCases.HomePageTests" name="clickNumpyNinjaLinkFromTopicPagesAfterSignIn" time="18.362"/>
  <testcase classname="testCases.HomePageTests" name="clickNumpyNinjaLinkFromTopicPagesAfterSignIn" time="20.837"/>
  <testcase classname="testCases.HomePageTests" name="clickNumpyNinjaLinkFromTopicPagesAfterSignIn" time="26.911"/>
  <testcase classname="testCases.HomePageTests" name="clickNumpyNinjaLinkFromSignInPage" time="22.690"/>
  <testcase classname="testCases.HomePageTests" name="clickNumpyNinjaLinkFromRegisterPage" time="11.753"/>
</testsuite> <!-- testCases.HomePageTests -->
