<?xml version="1.0" encoding="UTF-8"?>
<!-- Generated by org.testng.reporters.JUnitReportReporter -->
<testsuite hostname="Rushis-HP" failures="0" tests="17" name="testCases.StackPageTests" time="135.374" errors="0" timestamp="2024-10-05T00:03:01 CDT" skipped="0">
  <testcase classname="testCases.StackPageTests" name="check_StackHomePage" time="15.460"/>
  <testcase classname="testCases.StackPageTests" name="check_StackOperationspage" time="6.721"/>
  <testcase classname="testCases.StackPageTests" name="check_OperationsTryHereBtn" time="5.603"/>
  <testcase classname="testCases.StackPageTests" name="check_OperationsPythonEditorValidInput" time="6.174"/>
  <testcase classname="testCases.StackPageTests" name="check_OperationsPythonEditorInvalidInput" time="5.819"/>
  <testcase classname="testCases.StackPageTests" name="check_OperationsPythonEditorNoInput" time="5.779"/>
  <testcase classname="testCases.StackPageTests" name="check_StackImplementationspage" time="12.795"/>
  <testcase classname="testCases.StackPageTests" name="check_ImplementationTryHereBtn" time="5.003"/>
  <testcase classname="testCases.StackPageTests" name="check_ImplementationsPythonEditorValidInput" time="7.348"/>
  <testcase classname="testCases.StackPageTests" name="check_ImplementationsPythonEditorInvalidInput" time="25.182"/>
  <testcase classname="testCases.StackPageTests" name="check_ImplementationsPythonEditorNoInput" time="5.439"/>
  <testcase classname="testCases.StackPageTests" name="check_StackApplicationspage" time="4.139"/>
  <testcase classname="testCases.StackPageTests" name="check_ApplicationTryHereBtn" time="5.238"/>
  <testcase classname="testCases.StackPageTests" name="check_ApplicationsPythonEditorValidInput" time="6.013"/>
  <testcase classname="testCases.StackPageTests" name="check_ApplicationsPythonEditorInvalidInput" time="5.685"/>
  <testcase classname="testCases.StackPageTests" name="check_ApplicationsPythonEditorNoInput" time="7.741"/>
  <testcase classname="testCases.StackPageTests" name="check_StPracticeQns" time="5.235"/>
</testsuite> <!-- testCases.StackPageTests -->
