<?xml version="1.0" encoding="UTF-8"?>
<!-- Generated by org.testng.reporters.JUnitReportReporter -->
<testsuite hostname="JEEYANA" failures="0" tests="2" name="testCases.GetStartedPageTest" time="31.687" errors="0" timestamp="2024-10-04T16:36:50 CDT" skipped="0">
  <testcase classname="testCases.GetStartedPageTest" name="TestGetStartedButton" time="13.005"/>
  <testcase classname="testCases.GetStartedPageTest" name="CopyrightNumpyNinja2021Display" time="18.682"/>
</testsuite> <!-- testCases.GetStartedPageTest -->
