<?xml version="1.0" encoding="UTF-8"?>
<!-- Generated by org.testng.reporters.JUnitReportReporter -->
<testsuite hostname="Rushis-HP" failures="0" tests="69" name="testCases.TreePageTests" time="436.085" errors="0" timestamp="2024-10-05T00:03:01 CDT" skipped="0">
  <testcase classname="testCases.TreePageTests" name="check_PythonEditorValidInput" time="6.338"/>
  <testcase classname="testCases.TreePageTests" name="click_types_of_binary_treesLink_BT" time="5.176"/>
  <testcase classname="testCases.TreePageTests" name="click_implementation_in_pythonLink" time="6.622"/>
  <testcase classname="testCases.TreePageTests" name="check_TreeHomePagelink" time="3.798"/>
  <testcase classname="testCases.TreePageTests" name="check_Overview_of_TreePage" time="5.018"/>
  <testcase classname="testCases.TreePageTests" name="check_TryHereButton" time="5.713"/>
  <testcase classname="testCases.TreePageTests" name="check_PythonEditorInvalidInput" time="6.025"/>
  <testcase classname="testCases.TreePageTests" name="check_PythonEditorNoInput" time="5.636"/>
  <testcase classname="testCases.TreePageTests" name="check_terminologiesPage" time="5.666"/>
  <testcase classname="testCases.TreePageTests" name="check_TryHereButton1" time="4.839"/>
  <testcase classname="testCases.TreePageTests" name="check_PythonEditorValidInput1" time="16.947"/>
  <testcase classname="testCases.TreePageTests" name="check_PythonEditorInvalidInput1" time="5.741"/>
  <testcase classname="testCases.TreePageTests" name="check_PythonEditorNoInput1" time="17.100"/>
  <testcase classname="testCases.TreePageTests" name="check_types_of_treesPage" time="5.221"/>
  <testcase classname="testCases.TreePageTests" name="check_TryHereButton2" time="6.257"/>
  <testcase classname="testCases.TreePageTests" name="check_PythonEditorValidInput2" time="6.891"/>
  <testcase classname="testCases.TreePageTests" name="check_PythonEditorInvalidInput2" time="6.740"/>
  <testcase classname="testCases.TreePageTests" name="check_PythonEditorNoInput2" time="5.820"/>
  <testcase classname="testCases.TreePageTests" name="click_tree_traversalsLink" time="16.300"/>
  <testcase classname="testCases.TreePageTests" name="check_TryHereButton3" time="5.510"/>
  <testcase classname="testCases.TreePageTests" name="check_PythonEditorValidInput3" time="6.534"/>
  <testcase classname="testCases.TreePageTests" name="check_PythonEditorInvalidInput3" time="5.808"/>
  <testcase classname="testCases.TreePageTests" name="check_PythonEditorNoInput3" time="5.781"/>
  <testcase classname="testCases.TreePageTests" name="click_traversals_illustrationLink" time="6.421"/>
  <testcase classname="testCases.TreePageTests" name="check_TryHereButton4" time="5.936"/>
  <testcase classname="testCases.TreePageTests" name="check_PythonEditorValidInput4" time="7.117"/>
  <testcase classname="testCases.TreePageTests" name="check_PythonEditorInvalidInput4" time="6.190"/>
  <testcase classname="testCases.TreePageTests" name="check_PythonEditorNoInput4" time="6.695"/>
  <testcase classname="testCases.TreePageTests" name="click_binary_treesLink" time="4.590"/>
  <testcase classname="testCases.TreePageTests" name="check_TryHereButton5" time="5.573"/>
  <testcase classname="testCases.TreePageTests" name="check_PythonEditorValidInput5" time="2.186"/>
  <testcase classname="testCases.TreePageTests" name="check_PythonEditorInvalidInput5" time="5.987"/>
  <testcase classname="testCases.TreePageTests" name="check_PythonEditorNoInput5" time="5.698"/>
  <testcase classname="testCases.TreePageTests" name="click_types_of_binary_treesLink" time="5.276"/>
  <testcase classname="testCases.TreePageTests" name="check_PythonEditorValidInput6" time="6.708"/>
  <testcase classname="testCases.TreePageTests" name="check_TryHereButton6" time="5.602"/>
  <testcase classname="testCases.TreePageTests" name="check_PythonEditorInvalidInput6" time="6.271"/>
  <testcase classname="testCases.TreePageTests" name="check_PythonEditorNoInput6" time="6.295"/>
  <testcase classname="testCases.TreePageTests" name="click_implementation_in_pythonLink_IIP" time="6.028"/>
  <testcase classname="testCases.TreePageTests" name="check_TryHereButton7" time="6.311"/>
  <testcase classname="testCases.TreePageTests" name="check_PythonEditorValidInput7" time="6.792"/>
  <testcase classname="testCases.TreePageTests" name="check_PythonEditorInvalidInput7" time="6.629"/>
  <testcase classname="testCases.TreePageTests" name="check_PythonEditorNoInput7" time="6.351"/>
  <testcase classname="testCases.TreePageTests" name="click_BinaryTreeTraversalsLink" time="4.792"/>
  <testcase classname="testCases.TreePageTests" name="check_TryHereButton8" time="7.249"/>
  <testcase classname="testCases.TreePageTests" name="check_PythonEditorValidInput8" time="6.044"/>
  <testcase classname="testCases.TreePageTests" name="check_PythonEditorInvalidInput8" time="7.391"/>
  <testcase classname="testCases.TreePageTests" name="check_PythonEditorNoInput8" time="6.250"/>
  <testcase classname="testCases.TreePageTests" name="click_ImplementationofBinaryTreesLink" time="4.729"/>
  <testcase classname="testCases.TreePageTests" name="check_TryHereButton9" time="5.172"/>
  <testcase classname="testCases.TreePageTests" name="check_PythonEditorValidInput9" time="6.290"/>
  <testcase classname="testCases.TreePageTests" name="check_PythonEditorInvalidInput9" time="7.000"/>
  <testcase classname="testCases.TreePageTests" name="check_PythonEditorNoInput9" time="5.792"/>
  <testcase classname="testCases.TreePageTests" name="click_ApplicationsofBinarytreesLink" time="4.923"/>
  <testcase classname="testCases.TreePageTests" name="check_TryHereButton10" time="5.821"/>
  <testcase classname="testCases.TreePageTests" name="check_PythonEditorValidInput10" time="6.197"/>
  <testcase classname="testCases.TreePageTests" name="check_PythonEditorInvalidInput10" time="7.321"/>
  <testcase classname="testCases.TreePageTests" name="check_PythonEditorNoInput10" time="5.481"/>
  <testcase classname="testCases.TreePageTests" name="click_BinarySearchTreesLink" time="4.604"/>
  <testcase classname="testCases.TreePageTests" name="check_TryHereButton11" time="5.103"/>
  <testcase classname="testCases.TreePageTests" name="check_PythonEditorValidInput11" time="6.130"/>
  <testcase classname="testCases.TreePageTests" name="check_PythonEditorInvalidInput11" time="6.337"/>
  <testcase classname="testCases.TreePageTests" name="check_PythonEditorNoInput11" time="6.926"/>
  <testcase classname="testCases.TreePageTests" name="click_ImplementationOfBSTLink" time="4.829"/>
  <testcase classname="testCases.TreePageTests" name="check_TryHereButton12" time="5.674"/>
  <testcase classname="testCases.TreePageTests" name="check_PythonEditorValidInput12" time="6.746"/>
  <testcase classname="testCases.TreePageTests" name="check_PythonEditorInvalidInput12" time="5.262"/>
  <testcase classname="testCases.TreePageTests" name="check_PythonEditorNoInput12" time="5.313"/>
  <testcase classname="testCases.TreePageTests" name="click_PracticeQnsLink" time="4.572"/>
</testsuite> <!-- testCases.TreePageTests -->
