<?xml version="1.0" encoding="UTF-8"?>
<!-- Generated by org.testng.reporters.JUnitReportReporter -->
<testsuite hostname="JEEYANA" failures="0" tests="7" name="testCases.HomePageTests" time="85.223" errors="0" timestamp="2024-09-30T23:19:18 CDT" skipped="0">
  <testcase classname="testCases.HomePageTests" name="clickGetStartedButtonWithoutSignIn" time="6.825"/>
  <testcase classname="testCases.HomePageTests" name="clickGetStartedButtonWithoutSignIn" time="5.299"/>
  <testcase classname="testCases.HomePageTests" name="clickGetStartedButtonWithoutSignIn" time="7.926"/>
  <testcase classname="testCases.HomePageTests" name="clickGetStartedButtonWithoutSignIn" time="33.606"/>
  <testcase classname="testCases.HomePageTests" name="clickGetStartedButtonWithoutSignIn" time="9.960"/>
  <testcase classname="testCases.HomePageTests" name="clickGetStartedButtonWithoutSignIn" time="4.421"/>
  <testcase classname="testCases.HomePageTests" name="clickGetStartedButtonWithoutSignIn" time="17.186"/>
</testsuite> <!-- testCases.HomePageTests -->
