<?xml version="1.0" encoding="UTF-8"?>
<!-- Generated by org.testng.reporters.JUnitReportReporter -->
<testsuite hostname="JEEYANA" failures="0" tests="37" name="testCases.LinkedListPageTests" time="750.016" errors="0" timestamp="2024-10-04T16:36:50 CDT" skipped="0">
  <testcase classname="testCases.LinkedListPageTests" name="check_LinkedListHomePage" time="18.931"/>
  <testcase classname="testCases.LinkedListPageTests" name="check_IntoductionTab" time="17.023"/>
  <testcase classname="testCases.LinkedListPageTests" name="check_IntroductionTryHereButton" time="21.536"/>
  <testcase classname="testCases.LinkedListPageTests" name="check_IntroductionPythonEditorValidInput" time="14.914"/>
  <testcase classname="testCases.LinkedListPageTests" name="check_IntroductionPythonEditorInvalidInput" time="28.573"/>
  <testcase classname="testCases.LinkedListPageTests" name="check_IntroductionPythonEditorNoInput" time="23.272"/>
  <testcase classname="testCases.LinkedListPageTests" name="check_CreatingLinkedListTab" time="14.289"/>
  <testcase classname="testCases.LinkedListPageTests" name="check_CreatingLLTryHereButton" time="29.692"/>
  <testcase classname="testCases.LinkedListPageTests" name="check_CreatingLLPythonEditorValidInput" time="18.275"/>
  <testcase classname="testCases.LinkedListPageTests" name="check_CreatingLLPythonEditorInvalidInput" time="22.082"/>
  <testcase classname="testCases.LinkedListPageTests" name="check_CreatingLLPythonEditorNoInput" time="12.926"/>
  <testcase classname="testCases.LinkedListPageTests" name="check_TypesOfLinkedListTab" time="21.115"/>
  <testcase classname="testCases.LinkedListPageTests" name="check_TypesOfLLTryHereButton" time="16.910"/>
  <testcase classname="testCases.LinkedListPageTests" name="check_TypesOfLLPythonEditorValidInput" time="20.501"/>
  <testcase classname="testCases.LinkedListPageTests" name="check_TypesOfLLPythonEditorInvalidInput" time="24.072"/>
  <testcase classname="testCases.LinkedListPageTests" name="check_TypesOfLLPythonEditorNoInput" time="30.633"/>
  <testcase classname="testCases.LinkedListPageTests" name="check_ImplementingLinkedListTab" time="18.969"/>
  <testcase classname="testCases.LinkedListPageTests" name="check_ImplementingLLTryHereButton" time="16.643"/>
  <testcase classname="testCases.LinkedListPageTests" name="check_ImplementingLLPythonEditorValidInput" time="22.673"/>
  <testcase classname="testCases.LinkedListPageTests" name="check_ImplementingLLPythonEditorInvalidInput" time="32.198"/>
  <testcase classname="testCases.LinkedListPageTests" name="check_ImplementingLLPythonEditorNoInput" time="18.137"/>
  <testcase classname="testCases.LinkedListPageTests" name="check_Traversal" time="23.875"/>
  <testcase classname="testCases.LinkedListPageTests" name="check_TraversalTryHereButton" time="31.420"/>
  <testcase classname="testCases.LinkedListPageTests" name="check_TraversalPythonEditorValidInput" time="12.662"/>
  <testcase classname="testCases.LinkedListPageTests" name="check_TraversalPythonEditorInvalidInput" time="21.416"/>
  <testcase classname="testCases.LinkedListPageTests" name="check_TraversalPythonEditorNoInput" time="11.687"/>
  <testcase classname="testCases.LinkedListPageTests" name="check_Insertion" time="17.153"/>
  <testcase classname="testCases.LinkedListPageTests" name="check_InsertionTryHereButton" time="21.901"/>
  <testcase classname="testCases.LinkedListPageTests" name="check_InsertionPythonEditorValidInput" time="17.986"/>
  <testcase classname="testCases.LinkedListPageTests" name="check_InsertionPythonEditorInvalidInput" time="13.476"/>
  <testcase classname="testCases.LinkedListPageTests" name="check_InsertionPythonEditorNoInput" time="14.997"/>
  <testcase classname="testCases.LinkedListPageTests" name="check_Deletion" time="22.138"/>
  <testcase classname="testCases.LinkedListPageTests" name="check_DeletionTryHereButton" time="13.929"/>
  <testcase classname="testCases.LinkedListPageTests" name="check_DeletionPythonEditorValidInput" time="33.203"/>
  <testcase classname="testCases.LinkedListPageTests" name="check_DeletionPythonEditorInvalidInput" time="18.259"/>
  <testcase classname="testCases.LinkedListPageTests" name="check_DeletionPythonEditorNoInput" time="13.618"/>
  <testcase classname="testCases.LinkedListPageTests" name="check_LLPracticeQns" time="18.932"/>
</testsuite> <!-- testCases.LinkedListPageTests -->
