<?xml version="1.0" encoding="UTF-8"?>
<!-- Generated by org.testng.reporters.JUnitReportReporter -->
<testsuite hostname="JEEYANA" failures="0" tests="17" name="testCases.StackPageTests" time="304.786" errors="0" timestamp="2024-10-04T16:36:50 CDT" skipped="0">
  <testcase classname="testCases.StackPageTests" name="check_StackHomePage" time="13.398"/>
  <testcase classname="testCases.StackPageTests" name="check_StackOperationspage" time="15.905"/>
  <testcase classname="testCases.StackPageTests" name="check_OperationsTryHereBtn" time="21.589"/>
  <testcase classname="testCases.StackPageTests" name="check_OperationsPythonEditorValidInput" time="20.256"/>
  <testcase classname="testCases.StackPageTests" name="check_OperationsPythonEditorInvalidInput" time="11.937"/>
  <testcase classname="testCases.StackPageTests" name="check_OperationsPythonEditorNoInput" time="26.404"/>
  <testcase classname="testCases.StackPageTests" name="check_StackImplementationspage" time="15.056"/>
  <testcase classname="testCases.StackPageTests" name="check_ImplementationTryHereBtn" time="24.761"/>
  <testcase classname="testCases.StackPageTests" name="check_ImplementationsPythonEditorValidInput" time="24.481"/>
  <testcase classname="testCases.StackPageTests" name="check_ImplementationsPythonEditorInvalidInput" time="13.154"/>
  <testcase classname="testCases.StackPageTests" name="check_ImplementationsPythonEditorNoInput" time="13.659"/>
  <testcase classname="testCases.StackPageTests" name="check_StackApplicationspage" time="16.467"/>
  <testcase classname="testCases.StackPageTests" name="check_ApplicationTryHereBtn" time="12.322"/>
  <testcase classname="testCases.StackPageTests" name="check_ApplicationsPythonEditorValidInput" time="14.097"/>
  <testcase classname="testCases.StackPageTests" name="check_ApplicationsPythonEditorInvalidInput" time="17.992"/>
  <testcase classname="testCases.StackPageTests" name="check_ApplicationsPythonEditorNoInput" time="25.704"/>
  <testcase classname="testCases.StackPageTests" name="check_StPracticeQns" time="17.604"/>
</testsuite> <!-- testCases.StackPageTests -->
