<?xml version="1.0" encoding="UTF-8"?>
<!-- Generated by org.testng.reporters.JUnitReportReporter -->
<testsuite hostname="JEEYANA" failures="0" tests="9" name="testCases.SignInPagetest" time="132.904" errors="0" timestamp="2024-10-04T23:53:58 CDT" skipped="0">
  <testcase classname="testCases.SignInPagetest" name="checkValidAndInvalidLoginTest" time="5.238"/>
  <testcase classname="testCases.SignInPagetest" name="checkValidAndInvalidLoginTest" time="6.306"/>
  <testcase classname="testCases.SignInPagetest" name="checkValidAndInvalidLoginTest" time="17.380"/>
  <testcase classname="testCases.SignInPagetest" name="checkValidAndInvalidLoginTest" time="17.943"/>
  <testcase classname="testCases.SignInPagetest" name="checkValidAndInvalidLoginTest" time="30.691"/>
  <testcase classname="testCases.SignInPagetest" name="testLoginWithoutUsername" time="14.234"/>
  <testcase classname="testCases.SignInPagetest" name="testLoginWithoutUsername" time="21.698"/>
  <testcase classname="testCases.SignInPagetest" name="testLoginWithoutUsername" time="14.680"/>
  <testcase classname="testCases.SignInPagetest" name="checkMovingToRegisterPageFromLoginPage" time="4.734"/>
</testsuite> <!-- testCases.SignInPagetest -->
