<?xml version="1.0" encoding="UTF-8"?>
<!-- Generated by org.testng.reporters.JUnitReportReporter -->
<testsuite hostname="Rushis-HP" failures="0" tests="38" name="testCases.LinkedListPageTests" time="265.070" errors="0" timestamp="2024-10-05T00:03:01 CDT" skipped="1">
  <testcase classname="testCases.LinkedListPageTests" name="check_LinkedListHomePage" time="5.056"/>
  <testcase classname="testCases.LinkedListPageTests" name="check_IntoductionTab" time="4.965"/>
  <testcase classname="testCases.LinkedListPageTests" name="check_IntroductionTryHereButton" time="5.731"/>
  <testcase classname="testCases.LinkedListPageTests" name="check_IntroductionPythonEditorValidInput" time="6.903"/>
  <testcase classname="testCases.LinkedListPageTests" name="check_IntroductionPythonEditorInvalidInput" time="5.624"/>
  <testcase classname="testCases.LinkedListPageTests" name="check_IntroductionPythonEditorNoInput" time="6.093"/>
  <testcase classname="testCases.LinkedListPageTests" name="check_CreatingLinkedListTab" time="4.201"/>
  <testcase classname="testCases.LinkedListPageTests" name="check_CreatingLLTryHereButton" time="5.203"/>
  <testcase classname="testCases.LinkedListPageTests" name="check_CreatingLLPythonEditorValidInput" time="15.468"/>
  <testcase classname="testCases.LinkedListPageTests" name="check_CreatingLLPythonEditorInvalidInput" time="5.624"/>
  <testcase classname="testCases.LinkedListPageTests" name="check_CreatingLLPythonEditorNoInput" time="16.801"/>
  <testcase classname="testCases.LinkedListPageTests" name="check_TypesOfLinkedListTab" time="5.387"/>
  <testcase classname="testCases.LinkedListPageTests" name="check_TypesOfLLTryHereButton" time="15.269"/>
  <testcase classname="testCases.LinkedListPageTests" name="check_TypesOfLLPythonEditorValidInput" time="6.552"/>
  <testcase classname="testCases.LinkedListPageTests" name="check_TypesOfLLPythonEditorInvalidInput" time="6.238"/>
  <testcase classname="testCases.LinkedListPageTests" name="check_TypesOfLLPythonEditorNoInput" time="6.865"/>
  <testcase classname="testCases.LinkedListPageTests" name="check_ImplementingLinkedListTab" time="4.620"/>
  <testcase classname="testCases.LinkedListPageTests" name="check_ImplementingLLTryHereButton" time="5.356"/>
  <testcase classname="testCases.LinkedListPageTests" name="check_ImplementingLLPythonEditorValidInput" time="6.756"/>
  <testcase classname="testCases.LinkedListPageTests" name="check_ImplementingLLPythonEditorInvalidInput" time="6.232"/>
  <testcase classname="testCases.LinkedListPageTests" name="check_ImplementingLLPythonEditorNoInput" time="5.504"/>
  <testcase classname="testCases.LinkedListPageTests" name="check_Traversal" time="12.450">
    <skipped/>
  </testcase> <!-- check_Traversal -->
  <testcase classname="testCases.LinkedListPageTests" name="check_Traversal" time="4.376"/>
  <testcase classname="testCases.LinkedListPageTests" name="check_TraversalTryHereButton" time="5.928"/>
  <testcase classname="testCases.LinkedListPageTests" name="check_TraversalPythonEditorValidInput" time="6.197"/>
  <testcase classname="testCases.LinkedListPageTests" name="check_TraversalPythonEditorInvalidInput" time="6.271"/>
  <testcase classname="testCases.LinkedListPageTests" name="check_TraversalPythonEditorNoInput" time="5.549"/>
  <testcase classname="testCases.LinkedListPageTests" name="check_Insertion" time="4.983"/>
  <testcase classname="testCases.LinkedListPageTests" name="check_InsertionTryHereButton" time="5.483"/>
  <testcase classname="testCases.LinkedListPageTests" name="check_InsertionPythonEditorValidInput" time="5.836"/>
  <testcase classname="testCases.LinkedListPageTests" name="check_InsertionPythonEditorInvalidInput" time="6.038"/>
  <testcase classname="testCases.LinkedListPageTests" name="check_InsertionPythonEditorNoInput" time="5.924"/>
  <testcase classname="testCases.LinkedListPageTests" name="check_Deletion" time="15.115"/>
  <testcase classname="testCases.LinkedListPageTests" name="check_DeletionTryHereButton" time="5.486"/>
  <testcase classname="testCases.LinkedListPageTests" name="check_DeletionPythonEditorValidInput" time="7.004"/>
  <testcase classname="testCases.LinkedListPageTests" name="check_DeletionPythonEditorInvalidInput" time="5.722"/>
  <testcase classname="testCases.LinkedListPageTests" name="check_DeletionPythonEditorNoInput" time="7.566"/>
  <testcase classname="testCases.LinkedListPageTests" name="check_LLPracticeQns" time="4.694"/>
</testsuite> <!-- testCases.LinkedListPageTests -->
