<?xml version="1.0" encoding="UTF-8"?>
<!-- Generated by org.testng.reporters.JUnitReportReporter -->
<testsuite hostname="Rushis-HP" failures="0" tests="7" name="testCases.HomePageTests" time="16.019" errors="0" timestamp="2024-09-30T17:28:51 CDT" skipped="0">
  <testcase classname="testCases.HomePageTests" name="clickGetStartedButtonWithoutSignIn" time="2.010"/>
  <testcase classname="testCases.HomePageTests" name="clickGetStartedButtonWithoutSignIn" time="2.075"/>
  <testcase classname="testCases.HomePageTests" name="clickGetStartedButtonWithoutSignIn" time="2.002"/>
  <testcase classname="testCases.HomePageTests" name="clickGetStartedButtonWithoutSignIn" time="1.986"/>
  <testcase classname="testCases.HomePageTests" name="clickGetStartedButtonWithoutSignIn" time="2.126"/>
  <testcase classname="testCases.HomePageTests" name="clickGetStartedButtonWithoutSignIn" time="2.080"/>
  <testcase classname="testCases.HomePageTests" name="clickGetStartedButtonWithoutSignIn" time="3.740"/>
</testsuite> <!-- testCases.HomePageTests -->
