<?xml version="1.0" encoding="UTF-8"?>
<!-- Generated by org.testng.reporters.JUnitReportReporter -->
<testsuite hostname="JEEYANA" failures="0" tests="1" name="testCases.RegisterPageTest" time="20.208" errors="0" timestamp="2024-09-30T23:19:18 CDT" skipped="0">
  <testcase classname="testCases.RegisterPageTest" name="RegisterNewAccount" time="20.208"/>
</testsuite> <!-- testCases.RegisterPageTest -->
