<?xml version="1.0" encoding="UTF-8"?>
<!-- Generated by org.testng.reporters.JUnitReportReporter -->
<testsuite hostname="JEEYANA" failures="0" tests="4" name="testCases.RegisterPageTest" time="81.955" errors="0" timestamp="2024-10-04T23:53:58 CDT" skipped="0">
  <testcase classname="testCases.RegisterPageTest" name="RegisterNewAccount" time="27.577"/>
  <testcase classname="testCases.RegisterPageTest" name="checkUsernameLinkDisplayAtHomePageAfterRegister" time="18.331"/>
  <testcase classname="testCases.RegisterPageTest" name="RegisterNewUserWithExistingPwd" time="21.842"/>
  <testcase classname="testCases.RegisterPageTest" name="checkMovingToLoginPageFromRegisterPage" time="14.205"/>
</testsuite> <!-- testCases.RegisterPageTest -->
