<?xml version="1.0" encoding="UTF-8"?>
<!-- Generated by org.testng.reporters.JUnitReportReporter -->
<testsuite hostname="Rushis-HP" failures="0" tests="2" name="testCases.GetStartedPageTest" time="5.378" errors="0" timestamp="2024-10-05T00:03:01 CDT" skipped="0">
  <testcase classname="testCases.GetStartedPageTest" name="TestGetStartedButton" time="3.032"/>
  <testcase classname="testCases.GetStartedPageTest" name="CopyrightNumpyNinja2021Display" time="2.346"/>
</testsuite> <!-- testCases.GetStartedPageTest -->
