<?xml version="1.0" encoding="UTF-8"?>
<!-- Generated by org.testng.reporters.JUnitReportReporter -->
<testsuite hostname="JEEYANA" failures="0" tests="2" name="testCases.GetStartedPageTest" time="14.103" errors="0" timestamp="2024-10-04T23:53:58 CDT" skipped="0">
  <testcase classname="testCases.GetStartedPageTest" name="TestGetStartedButton" time="7.023"/>
  <testcase classname="testCases.GetStartedPageTest" name="CopyrightNumpyNinja2021Display" time="7.080"/>
</testsuite> <!-- testCases.GetStartedPageTest -->
