<?xml version="1.0" encoding="UTF-8"?>
<!-- Generated by org.testng.reporters.JUnitReportReporter -->
<testsuite hostname="JEEYANA" failures="0" tests="17" name="testCases.StackPageTests" time="318.607" errors="0" timestamp="2024-10-04T23:53:58 CDT" skipped="0">
  <testcase classname="testCases.StackPageTests" name="check_StackHomePage" time="14.634"/>
  <testcase classname="testCases.StackPageTests" name="check_StackOperationspage" time="18.763"/>
  <testcase classname="testCases.StackPageTests" name="check_OperationsTryHereBtn" time="21.095"/>
  <testcase classname="testCases.StackPageTests" name="check_OperationsPythonEditorValidInput" time="18.456"/>
  <testcase classname="testCases.StackPageTests" name="check_OperationsPythonEditorInvalidInput" time="18.782"/>
  <testcase classname="testCases.StackPageTests" name="check_OperationsPythonEditorNoInput" time="13.765"/>
  <testcase classname="testCases.StackPageTests" name="check_StackImplementationspage" time="12.071"/>
  <testcase classname="testCases.StackPageTests" name="check_ImplementationTryHereBtn" time="12.395"/>
  <testcase classname="testCases.StackPageTests" name="check_ImplementationsPythonEditorValidInput" time="13.476"/>
  <testcase classname="testCases.StackPageTests" name="check_ImplementationsPythonEditorInvalidInput" time="24.552"/>
  <testcase classname="testCases.StackPageTests" name="check_ImplementationsPythonEditorNoInput" time="17.348"/>
  <testcase classname="testCases.StackPageTests" name="check_StackApplicationspage" time="21.426"/>
  <testcase classname="testCases.StackPageTests" name="check_ApplicationTryHereBtn" time="35.218"/>
  <testcase classname="testCases.StackPageTests" name="check_ApplicationsPythonEditorValidInput" time="24.532"/>
  <testcase classname="testCases.StackPageTests" name="check_ApplicationsPythonEditorInvalidInput" time="29.255"/>
  <testcase classname="testCases.StackPageTests" name="check_ApplicationsPythonEditorNoInput" time="10.158"/>
  <testcase classname="testCases.StackPageTests" name="check_StPracticeQns" time="12.681"/>
</testsuite> <!-- testCases.StackPageTests -->
