<?xml version="1.0" encoding="UTF-8"?>
<!-- Generated by org.testng.reporters.JUnitReportReporter -->
<testsuite hostname="Rushis-HP" failures="0" tests="26" name="testCases.QueuePageTests" time="206.602" errors="0" timestamp="2024-10-05T00:03:01 CDT" skipped="0">
  <testcase classname="testCases.QueuePageTests" name="Test_Queue_GetStarted" time="4.807"/>
  <testcase classname="testCases.QueuePageTests" name="Test_ImplementationOf_Queue_InPython" time="4.485"/>
  <testcase classname="testCases.QueuePageTests" name="Test_Implementation_UsingCollections_Queue" time="4.631"/>
  <testcase classname="testCases.QueuePageTests" name="Test_ImplementationUsing_Array" time="14.299"/>
  <testcase classname="testCases.QueuePageTests" name="Test_QueueOperations" time="4.355"/>
  <testcase classname="testCases.QueuePageTests" name="Test_LEFTPanel_ImplementationOf_Queue_InPython" time="5.121"/>
  <testcase classname="testCases.QueuePageTests" name="Test_LEFTPanel_Implementation_UsingCollections_Queue" time="15.923"/>
  <testcase classname="testCases.QueuePageTests" name="Test_LEFTPanel_ImplementaionUsing_Array" time="3.870"/>
  <testcase classname="testCases.QueuePageTests" name="Test_LEFTPanel_QueueOperations" time="6.330"/>
  <testcase classname="testCases.QueuePageTests" name="Test_LEFTPanel_PracticeQuestions" time="10.789"/>
  <testcase classname="testCases.QueuePageTests" name="Test_TryHere_ImplementationOf_Queue_InPython" time="13.444"/>
  <testcase classname="testCases.QueuePageTests" name="Test_PythonEditor_ImplementationOf_Queue_InPython_ValidCodes" time="13.647"/>
  <testcase classname="testCases.QueuePageTests" name="Test_PythonEditor_ImplementationOf_Queue_InPython_InValidCodes" time="15.623"/>
  <testcase classname="testCases.QueuePageTests" name="Test_PythonEditor_ImplementationOf_Queue_InPython_withOutCodes" time="5.983"/>
  <testcase classname="testCases.QueuePageTests" name="Test_TryHere_Implementation_UsingCollections_Queue" time="5.433"/>
  <testcase classname="testCases.QueuePageTests" name="Test_PythonEditor_Implementation_UsingCollections_Queue_ValidCodes" time="10.729"/>
  <testcase classname="testCases.QueuePageTests" name="Test_PythonEditor_Implementation_UsingCollections_Queue_InValidCodes" time="6.190"/>
  <testcase classname="testCases.QueuePageTests" name="Test_PythonEditor_Implementation_UsingCollections_Queue_WithOutCodes" time="5.947"/>
  <testcase classname="testCases.QueuePageTests" name="Test_TryHere_Test_ImplementationUsing_Array" time="5.980"/>
  <testcase classname="testCases.QueuePageTests" name="Test_PythonEditor_ImplementationUsing_Array_ValidCodes" time="5.385"/>
  <testcase classname="testCases.QueuePageTests" name="Test_PythonEditor_ImplementationUsing_Array_InValidCodes" time="6.522"/>
  <testcase classname="testCases.QueuePageTests" name="Test_PythonEditor_ImplementationUsing_Array_WithOutCodes" time="4.912"/>
  <testcase classname="testCases.QueuePageTests" name="Test_TryHere_QueueOperations" time="5.872"/>
  <testcase classname="testCases.QueuePageTests" name="Test_PythonEditor_QueueOperations_ValidCodes" time="14.279"/>
  <testcase classname="testCases.QueuePageTests" name="Test_PythonEditor_QueueOperations_InValidCodes" time="6.342"/>
  <testcase classname="testCases.QueuePageTests" name="Test_PythonEditor_QueueOperations_WithOutCodes" time="5.704"/>
</testsuite> <!-- testCases.QueuePageTests -->
