<?xml version="1.0" encoding="UTF-8"?>
<!-- Generated by org.testng.reporters.JUnitReportReporter -->
<testsuite hostname="JEEYANA" failures="0" tests="5" name="testCases.SignInPagetest" time="69.714" errors="0" timestamp="2024-09-30T23:19:18 CDT" skipped="0">
  <testcase classname="testCases.SignInPagetest" name="checkValidAndInvalidLoginTest" time="11.671"/>
  <testcase classname="testCases.SignInPagetest" name="checkValidAndInvalidLoginTest" time="9.760"/>
  <testcase classname="testCases.SignInPagetest" name="checkValidAndInvalidLoginTest" time="14.248"/>
  <testcase classname="testCases.SignInPagetest" name="checkValidAndInvalidLoginTest" time="17.702"/>
  <testcase classname="testCases.SignInPagetest" name="checkValidAndInvalidLoginTest" time="16.333"/>
</testsuite> <!-- testCases.SignInPagetest -->
