<?xml version="1.0" encoding="UTF-8"?>
<!-- Generated by org.testng.reporters.JUnitReportReporter -->
<testsuite hostname="Rushis-HP" failures="0" tests="5" name="testCases.SignInPagetest" time="13.639" errors="0" timestamp="2024-09-30T17:28:51 CDT" skipped="0">
  <testcase classname="testCases.SignInPagetest" name="checkValidAndInvalidLoginTest" time="3.848"/>
  <testcase classname="testCases.SignInPagetest" name="checkValidAndInvalidLoginTest" time="2.224"/>
  <testcase classname="testCases.SignInPagetest" name="checkValidAndInvalidLoginTest" time="2.699"/>
  <testcase classname="testCases.SignInPagetest" name="checkValidAndInvalidLoginTest" time="2.322"/>
  <testcase classname="testCases.SignInPagetest" name="checkValidAndInvalidLoginTest" time="2.546"/>
</testsuite> <!-- testCases.SignInPagetest -->
