<?xml version="1.0" encoding="UTF-8"?>
<!-- Generated by org.testng.reporters.JUnitReportReporter -->
<testsuite hostname="JEEYANA" failures="0" tests="37" name="testCases.HomePageTests" time="593.338" errors="2" timestamp="2024-10-04T16:36:50 CDT" skipped="0">
  <testcase classname="testCases.HomePageTests" name="clickGetStartedButtonWithoutSignIn" time="20.570"/>
  <testcase classname="testCases.HomePageTests" name="clickGetStartedButtonWithoutSignIn" time="12.245"/>
  <testcase classname="testCases.HomePageTests" name="clickGetStartedButtonWithoutSignIn" time="11.470"/>
  <testcase classname="testCases.HomePageTests" name="clickGetStartedButtonWithoutSignIn" time="16.819"/>
  <testcase classname="testCases.HomePageTests" name="clickGetStartedButtonWithoutSignIn" time="23.469"/>
  <testcase classname="testCases.HomePageTests" name="clickGetStartedButtonWithoutSignIn" time="23.122"/>
  <testcase classname="testCases.HomePageTests" name="clickGetStartedButtonWithoutSignIn" time="14.334"/>
  <testcase classname="testCases.HomePageTests" name="clickGetStartedButtonAfterSignIn" time="16.099"/>
  <testcase classname="testCases.HomePageTests" name="clickGetStartedButtonAfterSignIn" time="14.927"/>
  <testcase classname="testCases.HomePageTests" name="clickGetStartedButtonAfterSignIn" time="11.658"/>
  <testcase classname="testCases.HomePageTests" name="clickGetStartedButtonAfterSignIn" time="13.310"/>
  <testcase classname="testCases.HomePageTests" name="clickGetStartedButtonAfterSignIn" time="10.038"/>
  <testcase classname="testCases.HomePageTests" name="clickGetStartedButtonAfterSignIn" time="10.962"/>
  <testcase classname="testCases.HomePageTests" name="clickGetStartedButtonAfterSignIn" time="14.848"/>
  <testcase classname="testCases.HomePageTests" name="selectDataStructureDropdownTopicWithoutSignIn" time="18.854"/>
  <testcase classname="testCases.HomePageTests" name="selectDataStructureDropdownTopicWithoutSignIn" time="10.531"/>
  <testcase classname="testCases.HomePageTests" name="selectDataStructureDropdownTopicWithoutSignIn" time="11.703"/>
  <testcase classname="testCases.HomePageTests" name="selectDataStructureDropdownTopicWithoutSignIn" time="10.655"/>
  <testcase classname="testCases.HomePageTests" name="selectDataStructureDropdownTopicWithoutSignIn" time="17.930"/>
  <testcase classname="testCases.HomePageTests" name="selectDataStructureDropdownTopicWithoutSignIn" time="12.654"/>
  <testcase classname="testCases.HomePageTests" name="selectDataStructureDropdownTopicAfterSignIn" time="12.093"/>
  <testcase classname="testCases.HomePageTests" name="selectDataStructureDropdownTopicAfterSignIn" time="16.782"/>
  <testcase classname="testCases.HomePageTests" name="selectDataStructureDropdownTopicAfterSignIn" time="26.104"/>
  <testcase classname="testCases.HomePageTests" name="selectDataStructureDropdownTopicAfterSignIn" time="10.482"/>
  <testcase classname="testCases.HomePageTests" name="selectDataStructureDropdownTopicAfterSignIn" time="10.186"/>
  <testcase classname="testCases.HomePageTests" name="selectDataStructureDropdownTopicAfterSignIn" time="20.562"/>
  <testcase classname="testCases.HomePageTests" name="clickNumpyNinjaLinkFromTopicPagesAfterSignIn" time="15.881"/>
  <testcase classname="testCases.HomePageTests" name="clickNumpyNinjaLinkFromTopicPagesAfterSignIn" time="24.991"/>
  <testcase classname="testCases.HomePageTests" name="clickNumpyNinjaLinkFromTopicPagesAfterSignIn" time="21.257"/>
  <testcase classname="testCases.HomePageTests" name="clickNumpyNinjaLinkFromTopicPagesAfterSignIn" time="25.840"/>
  <testcase classname="testCases.HomePageTests" name="clickNumpyNinjaLinkFromTopicPagesAfterSignIn" time="9.787"/>
  <testcase classname="testCases.HomePageTests" name="clickNumpyNinjaLinkFromTopicPagesAfterSignIn" time="14.613"/>
  <testcase classname="testCases.HomePageTests" name="clickNumpyNinjaLinkFromTopicPagesAfterSignIn" time="14.309"/>
  <testcase classname="testCases.HomePageTests" name="clickNumpyNinjaLinkFromHomePagesBeforeSignIn" time="19.602">
    <error message="no such element: Unable to locate element: {&quot;method&quot;:&quot;xpath&quot;,&quot;selector&quot;:&quot;//p[normalize-space()=&#039;Copyright@NumpyNinja2021&#039;]&quot;}
  (Session info: chrome=129.0.6668.90)
For documentation on this error, please visit: https://www.selenium.dev/documentation/webdriver/troubleshooting/errors#no-such-element-exception
Build info: version: &#039;4.20.0&#039;, revision: &#039;866c76ca80&#039;
System info: os.name: &#039;Windows 11&#039;, os.arch: &#039;amd64&#039;, os.version: &#039;10.0&#039;, java.version: &#039;22.0.1&#039;
Driver info: org.openqa.selenium.chrome.ChromeDriver
Command: [945edd0bb7a069cd198dbb490b9851dd, findElement {value=//p[normalize-space()=&#039;Copyright@NumpyNinja2021&#039;], using=xpath}]
Capabilities {acceptInsecureCerts: false, browserName: chrome, browserVersion: 129.0.6668.90, chrome: {chromedriverVersion: 129.0.6668.89 (951c0b97221f..., userDataDir: C:\Users\kotha\AppData\Loca...}, fedcm:accounts: true, goog:chromeOptions: {debuggerAddress: localhost:60368}, networkConnectionEnabled: false, pageLoadStrategy: normal, platformName: windows, proxy: Proxy(), se:cdp: ws://localhost:60368/devtoo..., se:cdpVersion: 129.0.6668.90, setWindowRect: true, strictFileInteractability: false, timeouts: {implicit: 0, pageLoad: 300000, script: 30000}, unhandledPromptBehavior: dismiss and notify, webauthn:extension:credBlob: true, webauthn:extension:largeBlob: true, webauthn:extension:minPinLength: true, webauthn:extension:prf: true, webauthn:virtualAuthenticators: true}
Session ID: 945edd0bb7a069cd198dbb490b9851dd" type="org.openqa.selenium.NoSuchElementException">
      <![CDATA[org.openqa.selenium.NoSuchElementException: no such element: Unable to locate element: {"method":"xpath","selector":"//p[normalize-space()='Copyright@NumpyNinja2021']"}
  (Session info: chrome=129.0.6668.90)
For documentation on this error, please visit: https://www.selenium.dev/documentation/webdriver/troubleshooting/errors#no-such-element-exception
Build info: version: '4.20.0', revision: '866c76ca80'
System info: os.name: 'Windows 11', os.arch: 'amd64', os.version: '10.0', java.version: '22.0.1'
Driver info: org.openqa.selenium.chrome.ChromeDriver
Command: [945edd0bb7a069cd198dbb490b9851dd, findElement {value=//p[normalize-space()='Copyright@NumpyNinja2021'], using=xpath}]
Capabilities {acceptInsecureCerts: false, browserName: chrome, browserVersion: 129.0.6668.90, chrome: {chromedriverVersion: 129.0.6668.89 (951c0b97221f..., userDataDir: C:\Users\kotha\AppData\Loca...}, fedcm:accounts: true, goog:chromeOptions: {debuggerAddress: localhost:60368}, networkConnectionEnabled: false, pageLoadStrategy: normal, platformName: windows, proxy: Proxy(), se:cdp: ws://localhost:60368/devtoo..., se:cdpVersion: 129.0.6668.90, setWindowRect: true, strictFileInteractability: false, timeouts: {implicit: 0, pageLoad: 300000, script: 30000}, unhandledPromptBehavior: dismiss and notify, webauthn:extension:credBlob: true, webauthn:extension:largeBlob: true, webauthn:extension:minPinLength: true, webauthn:extension:prf: true, webauthn:virtualAuthenticators: true}
Session ID: 945edd0bb7a069cd198dbb490b9851dd
at java.base/jdk.internal.reflect.DirectConstructorHandleAccessor.newInstance(DirectConstructorHandleAccessor.java:62)
at java.base/java.lang.reflect.Constructor.newInstanceWithCaller(Constructor.java:502)
at java.base/java.lang.reflect.Constructor.newInstance(Constructor.java:486)
at org.openqa.selenium.remote.ErrorCodec.decode(ErrorCodec.java:167)
at org.openqa.selenium.remote.codec.w3c.W3CHttpResponseCodec.decode(W3CHttpResponseCodec.java:138)
at org.openqa.selenium.remote.codec.w3c.W3CHttpResponseCodec.decode(W3CHttpResponseCodec.java:50)
at org.openqa.selenium.remote.HttpCommandExecutor.execute(HttpCommandExecutor.java:190)
at org.openqa.selenium.remote.service.DriverCommandExecutor.invokeExecute(DriverCommandExecutor.java:216)
at org.openqa.selenium.remote.service.DriverCommandExecutor.execute(DriverCommandExecutor.java:174)
at org.openqa.selenium.remote.RemoteWebDriver.execute(RemoteWebDriver.java:518)
at org.openqa.selenium.remote.ElementLocation$ElementFinder$2.findElement(ElementLocation.java:165)
at org.openqa.selenium.remote.ElementLocation.findElement(ElementLocation.java:59)
at org.openqa.selenium.remote.RemoteWebDriver.findElement(RemoteWebDriver.java:355)
at org.openqa.selenium.remote.RemoteWebDriver.findElement(RemoteWebDriver.java:349)
at java.base/jdk.internal.reflect.DirectMethodHandleAccessor.invoke(DirectMethodHandleAccessor.java:103)
at java.base/java.lang.reflect.Method.invoke(Method.java:580)
at org.openqa.selenium.support.ThreadGuard$WebDriverInvocationHandler.invokeUnderlying(ThreadGuard.java:99)
at org.openqa.selenium.support.ThreadGuard$WebDriverInvocationHandler.invoke(ThreadGuard.java:91)
at jdk.proxy2/jdk.proxy2.$Proxy26.findElement(Unknown Source)
at org.openqa.selenium.support.pagefactory.DefaultElementLocator.findElement(DefaultElementLocator.java:68)
at org.openqa.selenium.support.pagefactory.internal.LocatingElementHandler.invoke(LocatingElementHandler.java:38)
at jdk.proxy2/jdk.proxy2.$Proxy23.isDisplayed(Unknown Source)
at pageObject.GetStartedPage.copyrightDisplay(GetStartedPage.java:29)
at testCases.HomePageTests.clickNumpyNinjaLinkFromHomePagesBeforeSignIn(HomePageTests.java:89)
at java.base/jdk.internal.reflect.DirectMethodHandleAccessor.invoke(DirectMethodHandleAccessor.java:103)
at java.base/java.lang.reflect.Method.invoke(Method.java:580)
at org.testng.internal.invokers.MethodInvocationHelper.invokeMethod(MethodInvocationHelper.java:141)
at org.testng.internal.invokers.TestInvoker.invokeMethod(TestInvoker.java:686)
at org.testng.internal.invokers.TestInvoker.invokeTestMethod(TestInvoker.java:230)
at org.testng.internal.invokers.MethodRunner.runInSequence(MethodRunner.java:63)
at org.testng.internal.invokers.TestInvoker$MethodInvocationAgent.invoke(TestInvoker.java:992)
at org.testng.internal.invokers.TestInvoker.invokeTestMethods(TestInvoker.java:203)
at org.testng.internal.invokers.TestMethodWorker.invokeTestMethods(TestMethodWorker.java:154)
at org.testng.internal.invokers.TestMethodWorker.run(TestMethodWorker.java:134)
at java.base/java.util.concurrent.Executors$RunnableAdapter.call(Executors.java:572)
at java.base/java.util.concurrent.FutureTask.run(FutureTask.java:317)
at org.testng.internal.thread.graph.TestNGFutureTask.run(TestNGFutureTask.java:22)
at java.base/java.util.concurrent.ThreadPoolExecutor.runWorker(ThreadPoolExecutor.java:1144)
at java.base/java.util.concurrent.ThreadPoolExecutor$Worker.run(ThreadPoolExecutor.java:642)
at java.base/java.lang.Thread.run(Thread.java:1570)
]]>
    </error>
  </testcase> <!-- clickNumpyNinjaLinkFromHomePagesBeforeSignIn -->
  <testcase classname="testCases.HomePageTests" name="clickNumpyNinjaLinkFromHomePagesAfterSignIn" time="30.462">
    <error message="no such element: Unable to locate element: {&quot;method&quot;:&quot;xpath&quot;,&quot;selector&quot;:&quot;//p[normalize-space()=&#039;Copyright@NumpyNinja2021&#039;]&quot;}
  (Session info: chrome=129.0.6668.90)
For documentation on this error, please visit: https://www.selenium.dev/documentation/webdriver/troubleshooting/errors#no-such-element-exception
Build info: version: &#039;4.20.0&#039;, revision: &#039;866c76ca80&#039;
System info: os.name: &#039;Windows 11&#039;, os.arch: &#039;amd64&#039;, os.version: &#039;10.0&#039;, java.version: &#039;22.0.1&#039;
Driver info: org.openqa.selenium.chrome.ChromeDriver
Command: [ccda1a82038cc160ce6dcd468d581194, findElement {value=//p[normalize-space()=&#039;Copyright@NumpyNinja2021&#039;], using=xpath}]
Capabilities {acceptInsecureCerts: false, browserName: chrome, browserVersion: 129.0.6668.90, chrome: {chromedriverVersion: 129.0.6668.89 (951c0b97221f..., userDataDir: C:\Users\kotha\AppData\Loca...}, fedcm:accounts: true, goog:chromeOptions: {debuggerAddress: localhost:60684}, networkConnectionEnabled: false, pageLoadStrategy: normal, platformName: windows, proxy: Proxy(), se:cdp: ws://localhost:60684/devtoo..., se:cdpVersion: 129.0.6668.90, setWindowRect: true, strictFileInteractability: false, timeouts: {implicit: 0, pageLoad: 300000, script: 30000}, unhandledPromptBehavior: dismiss and notify, webauthn:extension:credBlob: true, webauthn:extension:largeBlob: true, webauthn:extension:minPinLength: true, webauthn:extension:prf: true, webauthn:virtualAuthenticators: true}
Session ID: ccda1a82038cc160ce6dcd468d581194" type="org.openqa.selenium.NoSuchElementException">
      <![CDATA[org.openqa.selenium.NoSuchElementException: no such element: Unable to locate element: {"method":"xpath","selector":"//p[normalize-space()='Copyright@NumpyNinja2021']"}
  (Session info: chrome=129.0.6668.90)
For documentation on this error, please visit: https://www.selenium.dev/documentation/webdriver/troubleshooting/errors#no-such-element-exception
Build info: version: '4.20.0', revision: '866c76ca80'
System info: os.name: 'Windows 11', os.arch: 'amd64', os.version: '10.0', java.version: '22.0.1'
Driver info: org.openqa.selenium.chrome.ChromeDriver
Command: [ccda1a82038cc160ce6dcd468d581194, findElement {value=//p[normalize-space()='Copyright@NumpyNinja2021'], using=xpath}]
Capabilities {acceptInsecureCerts: false, browserName: chrome, browserVersion: 129.0.6668.90, chrome: {chromedriverVersion: 129.0.6668.89 (951c0b97221f..., userDataDir: C:\Users\kotha\AppData\Loca...}, fedcm:accounts: true, goog:chromeOptions: {debuggerAddress: localhost:60684}, networkConnectionEnabled: false, pageLoadStrategy: normal, platformName: windows, proxy: Proxy(), se:cdp: ws://localhost:60684/devtoo..., se:cdpVersion: 129.0.6668.90, setWindowRect: true, strictFileInteractability: false, timeouts: {implicit: 0, pageLoad: 300000, script: 30000}, unhandledPromptBehavior: dismiss and notify, webauthn:extension:credBlob: true, webauthn:extension:largeBlob: true, webauthn:extension:minPinLength: true, webauthn:extension:prf: true, webauthn:virtualAuthenticators: true}
Session ID: ccda1a82038cc160ce6dcd468d581194
at java.base/jdk.internal.reflect.DirectConstructorHandleAccessor.newInstance(DirectConstructorHandleAccessor.java:62)
at java.base/java.lang.reflect.Constructor.newInstanceWithCaller(Constructor.java:502)
at java.base/java.lang.reflect.Constructor.newInstance(Constructor.java:486)
at org.openqa.selenium.remote.ErrorCodec.decode(ErrorCodec.java:167)
at org.openqa.selenium.remote.codec.w3c.W3CHttpResponseCodec.decode(W3CHttpResponseCodec.java:138)
at org.openqa.selenium.remote.codec.w3c.W3CHttpResponseCodec.decode(W3CHttpResponseCodec.java:50)
at org.openqa.selenium.remote.HttpCommandExecutor.execute(HttpCommandExecutor.java:190)
at org.openqa.selenium.remote.service.DriverCommandExecutor.invokeExecute(DriverCommandExecutor.java:216)
at org.openqa.selenium.remote.service.DriverCommandExecutor.execute(DriverCommandExecutor.java:174)
at org.openqa.selenium.remote.RemoteWebDriver.execute(RemoteWebDriver.java:518)
at org.openqa.selenium.remote.ElementLocation$ElementFinder$2.findElement(ElementLocation.java:165)
at org.openqa.selenium.remote.ElementLocation.findElement(ElementLocation.java:59)
at org.openqa.selenium.remote.RemoteWebDriver.findElement(RemoteWebDriver.java:355)
at org.openqa.selenium.remote.RemoteWebDriver.findElement(RemoteWebDriver.java:349)
at java.base/jdk.internal.reflect.DirectMethodHandleAccessor.invoke(DirectMethodHandleAccessor.java:103)
at java.base/java.lang.reflect.Method.invoke(Method.java:580)
at org.openqa.selenium.support.ThreadGuard$WebDriverInvocationHandler.invokeUnderlying(ThreadGuard.java:99)
at org.openqa.selenium.support.ThreadGuard$WebDriverInvocationHandler.invoke(ThreadGuard.java:91)
at jdk.proxy2/jdk.proxy2.$Proxy26.findElement(Unknown Source)
at org.openqa.selenium.support.pagefactory.DefaultElementLocator.findElement(DefaultElementLocator.java:68)
at org.openqa.selenium.support.pagefactory.internal.LocatingElementHandler.invoke(LocatingElementHandler.java:38)
at jdk.proxy2/jdk.proxy2.$Proxy23.isDisplayed(Unknown Source)
at pageObject.GetStartedPage.checkStartPageDisplay(GetStartedPage.java:34)
at testCases.HomePageTests.clickNumpyNinjaLinkFromHomePagesAfterSignIn(HomePageTests.java:101)
at java.base/jdk.internal.reflect.DirectMethodHandleAccessor.invoke(DirectMethodHandleAccessor.java:103)
at java.base/java.lang.reflect.Method.invoke(Method.java:580)
at org.testng.internal.invokers.MethodInvocationHelper.invokeMethod(MethodInvocationHelper.java:141)
at org.testng.internal.invokers.TestInvoker.invokeMethod(TestInvoker.java:686)
at org.testng.internal.invokers.TestInvoker.invokeTestMethod(TestInvoker.java:230)
at org.testng.internal.invokers.MethodRunner.runInSequence(MethodRunner.java:63)
at org.testng.internal.invokers.TestInvoker$MethodInvocationAgent.invoke(TestInvoker.java:992)
at org.testng.internal.invokers.TestInvoker.invokeTestMethods(TestInvoker.java:203)
at org.testng.internal.invokers.TestMethodWorker.invokeTestMethods(TestMethodWorker.java:154)
at org.testng.internal.invokers.TestMethodWorker.run(TestMethodWorker.java:134)
at java.base/java.util.concurrent.Executors$RunnableAdapter.call(Executors.java:572)
at java.base/java.util.concurrent.FutureTask.run(FutureTask.java:317)
at org.testng.internal.thread.graph.TestNGFutureTask.run(TestNGFutureTask.java:22)
at java.base/java.util.concurrent.ThreadPoolExecutor.runWorker(ThreadPoolExecutor.java:1144)
at java.base/java.util.concurrent.ThreadPoolExecutor$Worker.run(ThreadPoolExecutor.java:642)
at java.base/java.lang.Thread.run(Thread.java:1570)
]]>
    </error>
  </testcase> <!-- clickNumpyNinjaLinkFromHomePagesAfterSignIn -->
  <testcase classname="testCases.HomePageTests" name="clickNumpyNinjaLinkFromSignInPage" time="11.035"/>
  <testcase classname="testCases.HomePageTests" name="clickNumpyNinjaLinkFromRegisterPage" time="13.154"/>
</testsuite> <!-- testCases.HomePageTests -->
