<?xml version="1.0" encoding="UTF-8"?>
<!-- Generated by org.testng.reporters.JUnitReportReporter -->
<testsuite hostname="Rushis-HP" failures="0" tests="2" name="testCases.GetStartedPageTest" time="4.365" errors="0" timestamp="2024-10-01T16:38:22 CDT" skipped="0">
  <testcase classname="testCases.GetStartedPageTest" name="TestGetStartedButton" time="2.554"/>
  <testcase classname="testCases.GetStartedPageTest" name="CopyrightNumpyNinja2021Display" time="1.811"/>
</testsuite> <!-- testCases.GetStartedPageTest -->
