<?xml version="1.0" encoding="UTF-8"?>
<!-- Generated by org.testng.reporters.JUnitReportReporter -->
<testsuite hostname="JEEYANA" failures="0" tests="69" name="testCases.TreePageTests" time="1332.464" errors="0" timestamp="2024-10-04T23:53:58 CDT" skipped="0">
  <testcase classname="testCases.TreePageTests" name="check_PythonEditorValidInput" time="18.910"/>
  <testcase classname="testCases.TreePageTests" name="click_types_of_binary_treesLink_BT" time="19.306"/>
  <testcase classname="testCases.TreePageTests" name="click_implementation_in_pythonLink" time="15.353"/>
  <testcase classname="testCases.TreePageTests" name="check_TreeHomePagelink" time="14.145"/>
  <testcase classname="testCases.TreePageTests" name="check_Overview_of_TreePage" time="18.156"/>
  <testcase classname="testCases.TreePageTests" name="check_TryHereButton" time="15.082"/>
  <testcase classname="testCases.TreePageTests" name="check_PythonEditorInvalidInput" time="16.306"/>
  <testcase classname="testCases.TreePageTests" name="check_PythonEditorNoInput" time="11.576"/>
  <testcase classname="testCases.TreePageTests" name="check_terminologiesPage" time="17.146"/>
  <testcase classname="testCases.TreePageTests" name="check_TryHereButton1" time="14.115"/>
  <testcase classname="testCases.TreePageTests" name="check_PythonEditorValidInput1" time="17.458"/>
  <testcase classname="testCases.TreePageTests" name="check_PythonEditorInvalidInput1" time="26.431"/>
  <testcase classname="testCases.TreePageTests" name="check_PythonEditorNoInput1" time="12.215"/>
  <testcase classname="testCases.TreePageTests" name="check_types_of_treesPage" time="15.914"/>
  <testcase classname="testCases.TreePageTests" name="check_TryHereButton2" time="12.684"/>
  <testcase classname="testCases.TreePageTests" name="check_PythonEditorValidInput2" time="42.335"/>
  <testcase classname="testCases.TreePageTests" name="check_PythonEditorInvalidInput2" time="33.263"/>
  <testcase classname="testCases.TreePageTests" name="check_PythonEditorNoInput2" time="25.535"/>
  <testcase classname="testCases.TreePageTests" name="click_tree_traversalsLink" time="33.246"/>
  <testcase classname="testCases.TreePageTests" name="check_TryHereButton3" time="17.383"/>
  <testcase classname="testCases.TreePageTests" name="check_PythonEditorValidInput3" time="15.935"/>
  <testcase classname="testCases.TreePageTests" name="check_PythonEditorInvalidInput3" time="22.440"/>
  <testcase classname="testCases.TreePageTests" name="check_PythonEditorNoInput3" time="20.785"/>
  <testcase classname="testCases.TreePageTests" name="click_traversals_illustrationLink" time="12.450"/>
  <testcase classname="testCases.TreePageTests" name="check_TryHereButton4" time="24.766"/>
  <testcase classname="testCases.TreePageTests" name="check_PythonEditorValidInput4" time="23.099"/>
  <testcase classname="testCases.TreePageTests" name="check_PythonEditorInvalidInput4" time="11.949"/>
  <testcase classname="testCases.TreePageTests" name="check_PythonEditorNoInput4" time="19.655"/>
  <testcase classname="testCases.TreePageTests" name="click_binary_treesLink" time="36.831"/>
  <testcase classname="testCases.TreePageTests" name="check_TryHereButton5" time="18.028"/>
  <testcase classname="testCases.TreePageTests" name="check_PythonEditorValidInput5" time="11.663"/>
  <testcase classname="testCases.TreePageTests" name="check_PythonEditorInvalidInput5" time="33.254"/>
  <testcase classname="testCases.TreePageTests" name="check_PythonEditorNoInput5" time="21.220"/>
  <testcase classname="testCases.TreePageTests" name="check_PythonEditorValidInput6" time="42.893"/>
  <testcase classname="testCases.TreePageTests" name="click_types_of_binary_treesLink" time="14.040"/>
  <testcase classname="testCases.TreePageTests" name="check_TryHereButton6" time="12.089"/>
  <testcase classname="testCases.TreePageTests" name="check_PythonEditorInvalidInput6" time="22.153"/>
  <testcase classname="testCases.TreePageTests" name="check_PythonEditorNoInput6" time="12.355"/>
  <testcase classname="testCases.TreePageTests" name="click_implementation_in_pythonLink_IIP" time="10.244"/>
  <testcase classname="testCases.TreePageTests" name="check_TryHereButton7" time="9.414"/>
  <testcase classname="testCases.TreePageTests" name="check_PythonEditorValidInput7" time="21.370"/>
  <testcase classname="testCases.TreePageTests" name="check_PythonEditorInvalidInput7" time="20.709"/>
  <testcase classname="testCases.TreePageTests" name="check_PythonEditorNoInput7" time="12.179"/>
  <testcase classname="testCases.TreePageTests" name="click_BinaryTreeTraversalsLink" time="16.554"/>
  <testcase classname="testCases.TreePageTests" name="check_TryHereButton8" time="11.484"/>
  <testcase classname="testCases.TreePageTests" name="check_PythonEditorValidInput8" time="14.570"/>
  <testcase classname="testCases.TreePageTests" name="check_PythonEditorInvalidInput8" time="19.828"/>
  <testcase classname="testCases.TreePageTests" name="check_PythonEditorNoInput8" time="16.649"/>
  <testcase classname="testCases.TreePageTests" name="click_ImplementationofBinaryTreesLink" time="18.821"/>
  <testcase classname="testCases.TreePageTests" name="check_TryHereButton9" time="17.410"/>
  <testcase classname="testCases.TreePageTests" name="check_PythonEditorValidInput9" time="23.769"/>
  <testcase classname="testCases.TreePageTests" name="check_PythonEditorInvalidInput9" time="18.929"/>
  <testcase classname="testCases.TreePageTests" name="check_PythonEditorNoInput9" time="16.009"/>
  <testcase classname="testCases.TreePageTests" name="click_ApplicationsofBinarytreesLink" time="10.990"/>
  <testcase classname="testCases.TreePageTests" name="check_TryHereButton10" time="15.069"/>
  <testcase classname="testCases.TreePageTests" name="check_PythonEditorValidInput10" time="16.680"/>
  <testcase classname="testCases.TreePageTests" name="check_PythonEditorInvalidInput10" time="12.677"/>
  <testcase classname="testCases.TreePageTests" name="check_PythonEditorNoInput10" time="18.353"/>
  <testcase classname="testCases.TreePageTests" name="click_BinarySearchTreesLink" time="18.121"/>
  <testcase classname="testCases.TreePageTests" name="check_TryHereButton11" time="25.696"/>
  <testcase classname="testCases.TreePageTests" name="check_PythonEditorValidInput11" time="40.459"/>
  <testcase classname="testCases.TreePageTests" name="check_PythonEditorInvalidInput11" time="23.467"/>
  <testcase classname="testCases.TreePageTests" name="check_PythonEditorNoInput11" time="30.365"/>
  <testcase classname="testCases.TreePageTests" name="click_ImplementationOfBSTLink" time="14.796"/>
  <testcase classname="testCases.TreePageTests" name="check_TryHereButton12" time="11.796"/>
  <testcase classname="testCases.TreePageTests" name="check_PythonEditorValidInput12" time="21.736"/>
  <testcase classname="testCases.TreePageTests" name="check_PythonEditorInvalidInput12" time="19.445"/>
  <testcase classname="testCases.TreePageTests" name="check_PythonEditorNoInput12" time="12.190"/>
  <testcase classname="testCases.TreePageTests" name="click_PracticeQnsLink" time="20.521"/>
</testsuite> <!-- testCases.TreePageTests -->
